9
45
13
27
26
4
48
40
8
31
27
44
2
41
34
44
13
40
13
15
48
48
28
41
31
23
30
22
17
31
31
32
2
13
15
5
28
30
15
21
19
49
44
23
17
18
2
26
27
22
18
5
48
32
2
30
5
45
14
36
35
17
30
8
14
10
41
31
19
34
21
23
42
9
4
15
18
32
34
36
17
10
45
22
34
13
17
30
13
27
19
36
23
4
41
18
18
46
35
45
6
22
28
2
4
30
22
27
22
46
45
35
26
23
44
40
45
22
32
48
28
21
8
19
31
32
13
36
19
28
40
14
32
28
36
19
44
35
18
15
15
9
15
41
46
36
19
19
9
40
36
19
36
8
28
30
35
13
1
44
30
41
21
34
2
10
21
41
22
18
2
23
22
19
6
31
30
21
13
1
45
8
26
41
40
13
13
40
22
42
48
44
36
40
6
28
1
45
35
22
32
10
44
32
8
14
44
19
46
36
19
30
6
34
48
34
13
32
42
44
30
9
21
49
34
35
41
26
4
4
35
15
14
41
40
28
9
18
34
49
36
4
14
1
42
36
46
1
9
30
44
18
42
49
35
41
32
5
40
4
46
2
5
40
15
19
13
40
45
14
6
10
35
31
31
4
28
1
5
8
22
32
30
44
27
6
27
36
27
27
34
44
34
8
45
32
8
27
19
31
6
9
40
2
46
10
21
17
26
28
17
36
31
28
23
1
45
45
44
14
45
46
1
10
14
13
15
22
23
15
10
18
8
9
22
9
17
17
9
35
28
42
1
18
40
14
6
5
6
48
30
15
10
45
28
2
48
46
36
28
14
46
2
13
35
8
6
17
9
1
49
26
44
42
41
36
21
35
27
14
6
45
30
26
36
21
5
18
44
18
34
21
14
36
19
13
45
35
6
45
42
5
14
31
42
44
26
28
9
42
28
32
36
22
19
23
5
40
28
23
27
10
35
1
22
23
46
17
2
13
4
14
28
30
46
31
41
28
35
46
8
22
34
14
35
30
45
41
31
13
27
2500239117997
2500914456904
2500810717865
2501025368738
2500890072689
2500080876324
2501005180814
2500894067055
2500642175820
2500870182427
2500792683417
2500715620641
2500454141530
2500600048555
2500433109662
2500378536627
2500144995826
2500624868540
2500970711216
2500310384741
2500398790305
2500172420729
2500919979381
2500211424950
2500407633957
2500631283040
2500331313752
2501039135513
2500340009430
2500084799452
2500369216862
2500274003298
2500968717195
2500082920744
2501006017808
2501002739494
2500664949090
2500294725542
2500281354258
2501036009019
2500406474969
2500479558160
2500428103213
2501060718722
2500164350789
2500579967560
2500086767680
2500163261945
2500533327029
2500030919532
2501047475244
2500919456505
2500013407811
2500933324071
2500083588666
2500420639610
2500173961016
2501037787629
2500234734954
2500263130817
2500771030622
2500795590046
2500175227171
2500843159424
2500809754094
2500933371683
2500883795149
2500874618034
2500179969008
2500008619130
2500980607670
2500210087667
2500480572502
2500296229609
2500864196809
2500050340857
2501044178577
2500273232449
2500897917920
2500939129255
2501014560446
2500697435202
2500827921567
2500257746326
2500468237173
2500208594272
2500077085851
2500649477093
2500102359634
2500224202675
2500414535349
2500658869850
2500126353266
2500832025501
2500513054747
2500764525406
2500984107534
2501050335884
2500679901352
2500341730645
2500022146685
2500704932763
2500137885720
2500310659404
2500720092455
2500450033799
2500280915552
2500105145029
2500867438031
2500838459432
2500200200485
2500736687269
2500186173377
2500132525654
2500418309704
2500743678344
2500647328949
2500505717023
2500919682631
2500592682024
2500104141257
2500103102151
2500892509027
2500226202992
2500747807814
2500258112711
2500183602123
2500940824015
2500507370931
2500799660595
2500943125295
2500530269843
2500188334726
2501024854927
2500844377399
2500879240901
2500567083382
2500438244787
2500785186200
2500337679462
2500653474748
2500718903740
2500872412250
2500688304335
2500910520660
2500152499383
2500035615869
2500521857442
2500534998208
2500201103956
2500888938838
2500351511353
2500124040661
2500618753704
2500204127393
2500164211758
2500390731981
2500027647428
2500814039505
2501017656220
2500114809892
2500095982876
2500424238532
2500531492550
2500337301840
2500749190717
2500951951522
2500696337408
2500630875197
2500992889215
2500467626389
2500680557413
2500630788459
2500608859091
2500335357751
2500287082772
2500678371306
2500396034478
2500026151559
2500369047973
2500656719749
2500496844566
2501050453320
2500506072115
2500445304951
2500260062156
2500735677937
2500402182824
2500282162510
2500661690296
2500284965762
2500531281213
2500006611558
2500525366802
2500461103874
2500578322207
2500350624028
2500243154919
2500043519851
2500220197642
2500747663789
2501058735218
2500113528364
2500032178252
2500727971024
2500794898692
2500366800546
2500465236805
2500247283404
2500711524155
2500324045258
2500210391311
2500215191282
2500357658717
2500363505128
2500913645671
2500061209910
2500110483722
2500400563317
2500980412581
2500152469123
2500600803078
2500229450633
2500570127523
2500061481432
2500379011895
2500616640740
2500125072042
2500773296590
2500224966559
2500368240255
2501040105853
2500542411671
2500245116671
2500802464626
2500825876096
2500239219967
2500480850276
2500669860353
2500160202375
2500650741571
2500953329927
2500240819704
2500524042431
2500750919949
2501024132917
2500520749003
2500159100147
2500379248591
2500299839928
2500339477075
2500801101346
2500461782218
2500168081358
2501002581368
2500154842671
2500764568440
2500633612942
2500835304635
2500864643698
2500044952691
2500679585791
2500406831242
2500025029550
2500838787128
2500339094848
2500819496709
2500395053410
2500717244473
2500902348769
2500246497558
2500388771140
2500357806071
2500692700998
2500717066686
2500061808326
2500504418640
2500572587616
2500606100404
2500140970136
2500610848396
2500483635565
2500237580749
2500847758744
2500801181268
2500731323062
2500224301523
2501002089847
2500483716585
2500525516852
2500835493773
2500822218573
2501044239863
2500229507617
2500454132596
2500449869606
2500742549274
2500998393878
2500642666995
2500535426067
2500949645613
2500595638890
2500408072637
2500488027051
2501030850356
2500677829598
2500955258150
2500436183748
2500505058883
2500595809114
2500047785130
2501039739427
2500826324025
2500251353102
2500391444934
2500199046423
2500667636020
2500356793059
2500846843877
2500457397129
2500556034336
2500494238922
2500207000323
2500131122192
2500452677599
2500691822182
2500979141283
2500260583300
2500904610556
2500679345831
2500668774010
2500155638166
2500175817606
2500029199041
2500048428405
2500040051873
2500989649667
2500781392958
2501009195794
2500728067422
2500267576232
2500323209689
2500125610028
2500151542475
2500059015673
2500812906288
2500225238678
2500646785397
2501033965390
2500418873491
2500555586847
2500489492464
2500963967896
2500792072403
2500110026771
2500236730206
2500511309439
2500422196699
2500574210895
2501045055386
2501051100797
2500650841838
2500491042152
2500166028527
2500860431116
2500111190229
2500463590775
2500499736200
2500258005268
2500525274458
2501056553510
2501026551039
2500359910951
2500635913773
2500850640396
2500914732777
2500078589448
2500150678527
2500571052374
2500573066659
2500067416304
2500268399206
2500196281597
2500370187888
2500487893121
2500927338877
2500422189728
2500457015690
2500587648406
2500329735988
2500291417712
2500521221866
2500590357837
2500770003022
2500704602831
2501035169535
2500255860669
2500988179045
2500760719345
2500366441511
2500873378098
2500815217932
2500422350551
2501012442183
2500529361574
2501029210209
2501029166380
2500292523972
2500860564704
2500208869674
2500410825178
2500579118840
2500854732976
2500979273343
2500332648879
2500930036708
2500667436738
2500228694360
2500744349097
2500109472543
2500585530234
2500163048936
2500174594275
2500943545006
2500068117837
2500247937896
2500974110950
2500541355417
2500746233079
2500635061944
2500492585696
2500338551964
2500285171506
2500767969939
2500894332008
2500800248389
2500084794433
2500284854126
2500802439788
2500408407022
2500739326630
2500522515749
2500861787739
2500363332676
2500162770571
2500864806033
2500625858597
2500430788863
2500027556674
